<?xml version="1.0" encoding="UTF-8"?>
<!-- Generated by org.testng.reporters.JUnitReportReporter -->
<testsuite skipped="0" hostname="DESKTOP-PCG3QI7" name="com.mapsynq.TestCases.SignInTestCase" tests="3" failures="0" timestamp="13 Dec 2019 06:10:36 GMT" time="28.405" errors="0">
  <testcase name="validatePageTitle" time="18.923" classname="com.mapsynq.TestCases.SignInTestCase"/>
  <testcase name="InvalidSignIn" time="7.863" classname="com.mapsynq.TestCases.SignInTestCase"/>
  <testcase name="CreateAcctLinkCheck" time="1.619" classname="com.mapsynq.TestCases.SignInTestCase"/>
</testsuite> <!-- com.mapsynq.TestCases.SignInTestCase -->
