<?xml version="1.0" encoding="UTF-8"?>
<!-- Generated by org.testng.reporters.JUnitReportReporter -->
<testsuite skipped="0" hostname="DESKTOP-PCG3QI7" name="com.mapsynq.TestCases.GPSNavigationTestCase" tests="1" failures="0" timestamp="11 Dec 2019 04:36:04 GMT" time="8.574" errors="0">
  <testcase name="GPSNavigationLaunch" time="8.574" classname="com.mapsynq.TestCases.GPSNavigationTestCase"/>
</testsuite> <!-- com.mapsynq.TestCases.GPSNavigationTestCase -->
