<?xml version="1.0" encoding="UTF-8"?>
<!-- Generated by org.testng.reporters.JUnitReportReporter -->
<testsuite skipped="0" hostname="DESKTOP-PCG3QI7" name="com.mapsynq.TestCases.GalatioTestCase" tests="1" failures="0" timestamp="12 Dec 2019 04:06:22 GMT" time="12.575" errors="0">
  <testcase name="GalactioLaunch" time="12.575" classname="com.mapsynq.TestCases.GalatioTestCase"/>
</testsuite> <!-- com.mapsynq.TestCases.GalatioTestCase -->
