<?xml version="1.0" encoding="UTF-8"?>
<!-- Generated by org.testng.reporters.JUnitReportReporter -->
<testsuite skipped="0" hostname="DESKTOP-PCG3QI7" name="com.mapsynq.TestCases.GPSNavigationTestCase" tests="1" failures="0" timestamp="11 Dec 2019 05:48:26 GMT" time="15.801" errors="0">
  <testcase name="GPSNavigationLaunch" time="15.801" classname="com.mapsynq.TestCases.GPSNavigationTestCase"/>
</testsuite> <!-- com.mapsynq.TestCases.GPSNavigationTestCase -->
