<?xml version="1.0" encoding="UTF-8"?>
<!-- Generated by org.testng.reporters.JUnitReportReporter -->
<testsuite skipped="0" hostname="DESKTOP-PCG3QI7" name="com.mapsynq.TestCases.SignInTestCase" tests="1" failures="0" timestamp="10 Dec 2019 13:33:06 GMT" time="6.370" errors="0">
  <testcase name="InvalidSignIn" time="6.370" classname="com.mapsynq.TestCases.SignInTestCase"/>
</testsuite> <!-- com.mapsynq.TestCases.SignInTestCase -->
