<?xml version="1.0" encoding="UTF-8"?>
<!-- Generated by org.testng.reporters.JUnitReportReporter -->
<testsuite skipped="0" hostname="DESKTOP-PCG3QI7" name="com.mapsynq.TestCases.SignInTestCase" tests="2" failures="0" timestamp="11 Dec 2019 05:48:26 GMT" time="25.010" errors="0">
  <testcase name="InvalidSignIn" time="22.251" classname="com.mapsynq.TestCases.SignInTestCase"/>
  <testcase name="CreateAcctLinkCheck" time="2.759" classname="com.mapsynq.TestCases.SignInTestCase"/>
</testsuite> <!-- com.mapsynq.TestCases.SignInTestCase -->
