<?xml version="1.0" encoding="UTF-8"?>
<!-- Generated by org.testng.reporters.JUnitReportReporter -->
<testsuite skipped="0" hostname="DESKTOP-PCG3QI7" name="com.mapsynq.TestCases.GPSNavigationTestCase" tests="1" failures="0" timestamp="13 Dec 2019 06:10:36 GMT" time="10.352" errors="0">
  <testcase name="GPSNavigationLaunch" time="10.352" classname="com.mapsynq.TestCases.GPSNavigationTestCase"/>
</testsuite> <!-- com.mapsynq.TestCases.GPSNavigationTestCase -->
