<?xml version="1.0" encoding="UTF-8"?>
<!-- Generated by org.testng.reporters.JUnitReportReporter -->
<testsuite skipped="0" hostname="DESKTOP-PCG3QI7" name="com.mapsynq.TestCases.SignInTestCase" tests="2" failures="0" timestamp="12 Dec 2019 04:06:22 GMT" time="7.772" errors="0">
  <testcase name="InvalidSignIn" time="6.732" classname="com.mapsynq.TestCases.SignInTestCase"/>
  <testcase name="CreateAcctLinkCheck" time="1.040" classname="com.mapsynq.TestCases.SignInTestCase"/>
</testsuite> <!-- com.mapsynq.TestCases.SignInTestCase -->
